This file contains any messages produced by compilers while
running configure, to aid debugging if configure makes a mistake.

It was created by aria2 configure 1.35.0, which was
generated by GNU Autoconf 2.69.  Invocation command line was

  $ ./configure --host=aarch64-linux-android --prefix=/data/data/io.neoterm/files/home/aria2/usr/local --disable-nls --without-gnutls --with-openssl --without-libxml2 --with-libz --with-libz-prefix=/data/data/io.neoterm/files/home/aria2/usr/local --with-libexpat --with-libexpat-prefix=/data/data/io.neoterm/files/home/aria2/usr/local --with-sqlite3 --with-sqlite3-prefix=/data/data/io.neoterm/files/home/aria2/usr/local --with-libcares --with-libcares-prefix=/data/data/io.neoterm/files/home/aria2/usr/local --with-libssh2 --with-libssh2-prefix=/data/data/io.neoterm/files/home/aria2/usr/local --with-ca-bundle=/sdcard/ca-certificates.crt LDFLAGS=-L/data/data/io.neoterm/files/home/aria2/usr/local/lib PKG_CONFIG_PATH=/data/data/io.neoterm/files/home/aria2/usr/local/lib/pkgconfig ARIA2_STATIC=yes CC=/data/data/io.neoterm/files/home/aria2/toolchain/bin/clang CXX=/data/data/io.neoterm/files/home/aria2/toolchain/bin/clang++

## --------- ##
## Platform. ##
## --------- ##

hostname = localhost
uname -m = aarch64
uname -r = 4.14.117-resurrected-gbadd2cd3b5e0
uname -s = Linux
uname -v = #1 SMP PREEMPT Sun Oct 25 22:47:58 AEDT 2020

/usr/bin/uname -p = unknown
/bin/uname -X     = unknown

/bin/arch              = unknown
/usr/bin/arch -k       = unknown
/usr/convex/getsysinfo = unknown
/usr/bin/hostinfo      = unknown
/bin/machine           = unknown
/usr/bin/oslevel       = unknown
/bin/universe          = unknown

PATH: /data/data/io.neoterm/files/usr/bin
PATH: /data/data/io.neoterm/files/usr/bin/applets


## ----------- ##
## Core tests. ##
## ----------- ##

configure:3223: checking build system type
configure:3237: result: aarch64-unknown-linux-gnu
configure:3257: checking host system type
configure:3270: result: aarch64-unknown-linux-android
configure:3290: checking target system type
configure:3303: result: aarch64-unknown-linux-android
configure:3346: checking for a BSD-compatible install
configure:3414: result: /data/data/io.neoterm/files/usr/bin/applets/install -c
configure:3425: checking whether build environment is sane
configure:3480: result: yes
configure:3539: checking for aarch64-linux-android-strip
configure:3555: found /data/data/io.neoterm/files/usr/bin/aarch64-linux-android-strip
configure:3566: result: aarch64-linux-android-strip
configure:3631: checking for a thread-safe mkdir -p
configure:3670: result: ./install-sh -c -d
configure:3677: checking for gawk
configure:3707: result: no
configure:3677: checking for mawk
configure:3707: result: no
configure:3677: checking for nawk
configure:3707: result: no
configure:3677: checking for awk
configure:3693: found /data/data/io.neoterm/files/usr/bin/applets/awk
configure:3704: result: awk
configure:3715: checking whether make sets $(MAKE)
configure:3737: result: yes
configure:3766: checking whether make supports nested variables
configure:3783: result: yes
configure:3920: checking whether make supports nested variables
configure:3937: result: yes
configure:3953: checking whether make supports the include directive
configure:3968: make -f confmf.GNU && cat confinc.out
this is the am__doit target
configure:3971: $? = 0
configure:3990: result: yes (GNU style)
configure:4020: checking for aarch64-linux-android-gcc
configure:4047: result: /data/data/io.neoterm/files/home/aria2/toolchain/bin/clang
configure:4316: checking for C compiler version
configure:4325: /data/data/io.neoterm/files/home/aria2/toolchain/bin/clang --version >&5
clang version 7.0.0 
Target: aarch64-none-linux-android
Thread model: posix
InstalledDir: /data/data/io.neoterm/files/home/aria2/toolchain/bin
configure:4336: $? = 0
configure:4325: /data/data/io.neoterm/files/home/aria2/toolchain/bin/clang -v >&5
clang version 7.0.0 
Target: aarch64-none-linux-android
Thread model: posix
InstalledDir: /data/data/io.neoterm/files/home/aria2/toolchain/bin
Found candidate GCC installation: /data/data/io.neoterm/files/home/aria2/toolchain/bin/../lib/gcc/aarch64-linux-android/4.9.x
Selected GCC installation: /data/data/io.neoterm/files/home/aria2/toolchain/bin/../lib/gcc/aarch64-linux-android/4.9.x
Candidate multilib: .;@m64
Selected multilib: .;@m64
clang-7: warning: argument unused during compilation: '-D __ANDROID_API__=28' [-Wunused-command-line-argument]
configure:4336: $? = 0
configure:4325: /data/data/io.neoterm/files/home/aria2/toolchain/bin/clang -V >&5
clang-7: error: argument to '-V' is missing (expected 1 value)
clang-7: error: no input files
configure:4336: $? = 1
configure:4325: /data/data/io.neoterm/files/home/aria2/toolchain/bin/clang -qversion >&5
clang-7: error: unknown argument '-qversion', did you mean '--version'?
clang-7: error: no input files
configure:4336: $? = 1
configure:4356: checking whether the C compiler works
configure:4378: /data/data/io.neoterm/files/home/aria2/toolchain/bin/clang   -L/data/data/io.neoterm/files/home/aria2/usr/local/lib conftest.c  >&5
configure:4382: $? = 0
configure:4430: result: yes
configure:4433: checking for C compiler default output file name
configure:4435: result: a.out
configure:4441: checking for suffix of executables
configure:4448: /data/data/io.neoterm/files/home/aria2/toolchain/bin/clang -o conftest   -L/data/data/io.neoterm/files/home/aria2/usr/local/lib conftest.c  >&5
configure:4452: $? = 0
configure:4474: result: 
configure:4496: checking whether we are cross compiling
configure:4504: /data/data/io.neoterm/files/home/aria2/toolchain/bin/clang -o conftest   -L/data/data/io.neoterm/files/home/aria2/usr/local/lib conftest.c  >&5
configure:4508: $? = 0
configure:4515: ./conftest
configure:4519: $? = 0
configure:4534: result: no
configure:4539: checking for suffix of object files
configure:4561: /data/data/io.neoterm/files/home/aria2/toolchain/bin/clang -c   conftest.c >&5
configure:4565: $? = 0
configure:4586: result: o
configure:4590: checking whether we are using the GNU C compiler
configure:4609: /data/data/io.neoterm/files/home/aria2/toolchain/bin/clang -c   conftest.c >&5
configure:4609: $? = 0
configure:4618: result: yes
configure:4627: checking whether /data/data/io.neoterm/files/home/aria2/toolchain/bin/clang accepts -g
configure:4647: /data/data/io.neoterm/files/home/aria2/toolchain/bin/clang -c -g  conftest.c >&5
configure:4647: $? = 0
configure:4688: result: yes
configure:4705: checking for /data/data/io.neoterm/files/home/aria2/toolchain/bin/clang option to accept ISO C89
configure:4768: /data/data/io.neoterm/files/home/aria2/toolchain/bin/clang  -c -g -O2  conftest.c >&5
configure:4768: $? = 0
configure:4781: result: none needed
configure:4806: checking whether /data/data/io.neoterm/files/home/aria2/toolchain/bin/clang understands -c and -o together
configure:4828: /data/data/io.neoterm/files/home/aria2/toolchain/bin/clang -c conftest.c -o conftest2.o
configure:4831: $? = 0
configure:4828: /data/data/io.neoterm/files/home/aria2/toolchain/bin/clang -c conftest.c -o conftest2.o
configure:4831: $? = 0
configure:4843: result: yes
configure:4862: checking dependency style of /data/data/io.neoterm/files/home/aria2/toolchain/bin/clang

## ---------------- ##
## Cache variables. ##
## ---------------- ##

ac_cv_build=aarch64-unknown-linux-gnu
ac_cv_c_compiler_gnu=yes
ac_cv_env_ARIA2_STATIC_set=set
ac_cv_env_ARIA2_STATIC_value=yes
ac_cv_env_CCASFLAGS_set=
ac_cv_env_CCASFLAGS_value=
ac_cv_env_CCAS_set=
ac_cv_env_CCAS_value=
ac_cv_env_CCC_set=
ac_cv_env_CCC_value=
ac_cv_env_CC_set=set
ac_cv_env_CC_value=/data/data/io.neoterm/files/home/aria2/toolchain/bin/clang
ac_cv_env_CFLAGS_set=
ac_cv_env_CFLAGS_value=
ac_cv_env_CPPFLAGS_set=
ac_cv_env_CPPFLAGS_value=
ac_cv_env_CPPUNIT_CFLAGS_set=
ac_cv_env_CPPUNIT_CFLAGS_value=
ac_cv_env_CPPUNIT_LIBS_set=
ac_cv_env_CPPUNIT_LIBS_value=
ac_cv_env_CPP_set=
ac_cv_env_CPP_value=
ac_cv_env_CXXCPP_set=
ac_cv_env_CXXCPP_value=
ac_cv_env_CXXFLAGS_set=
ac_cv_env_CXXFLAGS_value=
ac_cv_env_CXX_set=set
ac_cv_env_CXX_value=/data/data/io.neoterm/files/home/aria2/toolchain/bin/clang++
ac_cv_env_EXPAT_CFLAGS_set=
ac_cv_env_EXPAT_CFLAGS_value=
ac_cv_env_EXPAT_LIBS_set=
ac_cv_env_EXPAT_LIBS_value=
ac_cv_env_JEMALLOC_CFLAGS_set=
ac_cv_env_JEMALLOC_CFLAGS_value=
ac_cv_env_JEMALLOC_LIBS_set=
ac_cv_env_JEMALLOC_LIBS_value=
ac_cv_env_LDFLAGS_set=set
ac_cv_env_LDFLAGS_value=-L/data/data/io.neoterm/files/home/aria2/usr/local/lib
ac_cv_env_LIBCARES_CFLAGS_set=
ac_cv_env_LIBCARES_CFLAGS_value=
ac_cv_env_LIBCARES_LIBS_set=
ac_cv_env_LIBCARES_LIBS_value=
ac_cv_env_LIBGNUTLS_CFLAGS_set=
ac_cv_env_LIBGNUTLS_CFLAGS_value=
ac_cv_env_LIBGNUTLS_LIBS_set=
ac_cv_env_LIBGNUTLS_LIBS_value=
ac_cv_env_LIBNETTLE_CFLAGS_set=
ac_cv_env_LIBNETTLE_CFLAGS_value=
ac_cv_env_LIBNETTLE_LIBS_set=
ac_cv_env_LIBNETTLE_LIBS_value=
ac_cv_env_LIBSSH2_CFLAGS_set=
ac_cv_env_LIBSSH2_CFLAGS_value=
ac_cv_env_LIBSSH2_LIBS_set=
ac_cv_env_LIBSSH2_LIBS_value=
ac_cv_env_LIBS_set=
ac_cv_env_LIBS_value=
ac_cv_env_LIBUV_CFLAGS_set=
ac_cv_env_LIBUV_CFLAGS_value=
ac_cv_env_LIBUV_LIBS_set=
ac_cv_env_LIBUV_LIBS_value=
ac_cv_env_LIBXML2_CFLAGS_set=
ac_cv_env_LIBXML2_CFLAGS_value=
ac_cv_env_LIBXML2_LIBS_set=
ac_cv_env_LIBXML2_LIBS_value=
ac_cv_env_LT_SYS_LIBRARY_PATH_set=
ac_cv_env_LT_SYS_LIBRARY_PATH_value=
ac_cv_env_OPENSSL_CFLAGS_set=
ac_cv_env_OPENSSL_CFLAGS_value=
ac_cv_env_OPENSSL_LIBS_set=
ac_cv_env_OPENSSL_LIBS_value=
ac_cv_env_PKG_CONFIG_LIBDIR_set=
ac_cv_env_PKG_CONFIG_LIBDIR_value=
ac_cv_env_PKG_CONFIG_PATH_set=set
ac_cv_env_PKG_CONFIG_PATH_value=/data/data/io.neoterm/files/home/aria2/usr/local/lib/pkgconfig
ac_cv_env_PKG_CONFIG_set=
ac_cv_env_PKG_CONFIG_value=
ac_cv_env_SQLITE3_CFLAGS_set=
ac_cv_env_SQLITE3_CFLAGS_value=
ac_cv_env_SQLITE3_LIBS_set=
ac_cv_env_SQLITE3_LIBS_value=
ac_cv_env_TCMALLOC_CFLAGS_set=
ac_cv_env_TCMALLOC_CFLAGS_value=
ac_cv_env_TCMALLOC_LIBS_set=
ac_cv_env_TCMALLOC_LIBS_value=
ac_cv_env_YACC_set=
ac_cv_env_YACC_value=
ac_cv_env_YFLAGS_set=
ac_cv_env_YFLAGS_value=
ac_cv_env_ZLIB_CFLAGS_set=
ac_cv_env_ZLIB_CFLAGS_value=
ac_cv_env_ZLIB_LIBS_set=
ac_cv_env_ZLIB_LIBS_value=
ac_cv_env_build_alias_set=
ac_cv_env_build_alias_value=
ac_cv_env_host_alias_set=set
ac_cv_env_host_alias_value=aarch64-linux-android
ac_cv_env_target_alias_set=
ac_cv_env_target_alias_value=
ac_cv_host=aarch64-unknown-linux-android
ac_cv_objext=o
ac_cv_path_install='/data/data/io.neoterm/files/usr/bin/applets/install -c'
ac_cv_prog_AWK=awk
ac_cv_prog_CC=/data/data/io.neoterm/files/home/aria2/toolchain/bin/clang
ac_cv_prog_STRIP=aarch64-linux-android-strip
ac_cv_prog_cc_c89=
ac_cv_prog_cc_g=yes
ac_cv_prog_make_make_set=yes
ac_cv_target=aarch64-unknown-linux-android
am_cv_CC_dependencies_compiler_type=none
am_cv_make_support_nested_variables=yes
am_cv_prog_cc_c_o=yes

## ----------------- ##
## Output variables. ##
## ----------------- ##

ACLOCAL='${SHELL} /data/data/io.neoterm/files/home/aria2-1.35.0/missing aclocal-1.16'
ALLOCA=''
AMDEPBACKSLASH='\'
AMDEP_FALSE='#'
AMDEP_TRUE=''
AMTAR='$${TAR-tar}'
AM_BACKSLASH='\'
AM_DEFAULT_V='$(AM_DEFAULT_VERBOSITY)'
AM_DEFAULT_VERBOSITY='0'
AM_V='$(V)'
APPLETLS_LDFLAGS=''
AR=''
ARIA2_STATIC='yes'
AUTOCONF='${SHELL} /data/data/io.neoterm/files/home/aria2-1.35.0/missing autoconf'
AUTOHEADER='${SHELL} /data/data/io.neoterm/files/home/aria2-1.35.0/missing autoheader'
AUTOMAKE='${SHELL} /data/data/io.neoterm/files/home/aria2-1.35.0/missing automake-1.16'
AWK='awk'
CC='/data/data/io.neoterm/files/home/aria2/toolchain/bin/clang'
CCAS=''
CCASDEPMODE=''
CCASFLAGS=''
CCDEPMODE=''
CFLAGS='-g -O2'
CPP=''
CPPFLAGS=''
CPPUNIT_CFLAGS=''
CPPUNIT_LIBS=''
CXX1XCXXFLAGS=''
CXX='/data/data/io.neoterm/files/home/aria2/toolchain/bin/clang++'
CXXCPP=''
CXXDEPMODE=''
CXXFLAGS=''
CYGPATH_W='echo'
DEFS=''
DEPDIR='.deps'
DLLTOOL=''
DSYMUTIL=''
DUMPBIN=''
ECHO_C=''
ECHO_N='-n'
ECHO_T=''
EGREP=''
ENABLE_ASYNC_DNS_FALSE=''
ENABLE_ASYNC_DNS_TRUE=''
ENABLE_BITTORRENT_FALSE=''
ENABLE_BITTORRENT_TRUE=''
ENABLE_LIBARIA2_FALSE=''
ENABLE_LIBARIA2_TRUE=''
ENABLE_METALINK_FALSE=''
ENABLE_METALINK_TRUE=''
ENABLE_SSL_FALSE=''
ENABLE_SSL_TRUE=''
ENABLE_WEBSOCKET_FALSE=''
ENABLE_WEBSOCKET_TRUE=''
ENABLE_XML_RPC_FALSE=''
ENABLE_XML_RPC_TRUE=''
EXEEXT=''
EXPAT_CFLAGS=''
EXPAT_LIBS=''
EXTRACFLAGS=''
EXTRACPPFLAGS=''
EXTRACXXFLAGS=''
EXTRALDFLAGS=''
EXTRALIBS=''
FGREP=''
GETTEXT_MACRO_VERSION=''
GMSGFMT=''
GMSGFMT_015=''
GREP=''
HAVE_APPLETLS_FALSE=''
HAVE_APPLETLS_TRUE=''
HAVE_ASCTIME_R_FALSE=''
HAVE_ASCTIME_R_TRUE=''
HAVE_BASENAME_FALSE=''
HAVE_BASENAME_TRUE=''
HAVE_CXX11=''
HAVE_DAEMON_FALSE=''
HAVE_DAEMON_TRUE=''
HAVE_EPOLL_FALSE=''
HAVE_EPOLL_TRUE=''
HAVE_GAI_STRERROR_FALSE=''
HAVE_GAI_STRERROR_TRUE=''
HAVE_GETADDRINFO_FALSE=''
HAVE_GETADDRINFO_TRUE=''
HAVE_GETTIMEOFDAY_FALSE=''
HAVE_GETTIMEOFDAY_TRUE=''
HAVE_KQUEUE_FALSE=''
HAVE_KQUEUE_TRUE=''
HAVE_LIBEXPAT_FALSE=''
HAVE_LIBEXPAT_TRUE=''
HAVE_LIBGCRYPT_FALSE=''
HAVE_LIBGCRYPT_TRUE=''
HAVE_LIBGMP_FALSE=''
HAVE_LIBGMP_TRUE=''
HAVE_LIBGNUTLS_FALSE=''
HAVE_LIBGNUTLS_TRUE=''
HAVE_LIBNETTLE_FALSE=''
HAVE_LIBNETTLE_TRUE=''
HAVE_LIBSSH2_FALSE=''
HAVE_LIBSSH2_TRUE=''
HAVE_LIBUV_FALSE=''
HAVE_LIBUV_TRUE=''
HAVE_LIBXML2_FALSE=''
HAVE_LIBXML2_TRUE=''
HAVE_LOCALTIME_R_FALSE=''
HAVE_LOCALTIME_R_TRUE=''
HAVE_OPENSSL_FALSE=''
HAVE_OPENSSL_TRUE=''
HAVE_OSX_FALSE=''
HAVE_OSX_TRUE=''
HAVE_POLL_FALSE=''
HAVE_POLL_TRUE=''
HAVE_PORT_ASSOCIATE_FALSE=''
HAVE_PORT_ASSOCIATE_TRUE=''
HAVE_RST2HTML_FALSE=''
HAVE_RST2HTML_TRUE=''
HAVE_SOME_FALLOCATE_FALSE=''
HAVE_SOME_FALLOCATE_TRUE=''
HAVE_SOME_XMLLIB_FALSE=''
HAVE_SOME_XMLLIB_TRUE=''
HAVE_SPHINXBUILD_FALSE=''
HAVE_SPHINXBUILD_TRUE=''
HAVE_SQLITE3_FALSE=''
HAVE_SQLITE3_TRUE=''
HAVE_STRPTIME_FALSE=''
HAVE_STRPTIME_TRUE=''
HAVE_TIMEGM_FALSE=''
HAVE_TIMEGM_TRUE=''
HAVE_WINTLS_FALSE=''
HAVE_WINTLS_TRUE=''
HAVE_ZLIB_FALSE=''
HAVE_ZLIB_TRUE=''
INSTALL_DATA='${INSTALL} -m 644'
INSTALL_PROGRAM='${INSTALL}'
INSTALL_SCRIPT='${INSTALL}'
INSTALL_STRIP_PROGRAM='$(install_sh) -c -s'
INTLLIBS=''
INTL_MACOSX_LIBS=''
JEMALLOC_CFLAGS=''
JEMALLOC_LIBS=''
LD=''
LDFLAGS='-L/data/data/io.neoterm/files/home/aria2/usr/local/lib'
LIBCARES_CFLAGS=''
LIBCARES_LIBS=''
LIBGCRYPT_CFLAGS=''
LIBGCRYPT_CONFIG=''
LIBGCRYPT_LIBS=''
LIBGMP_CFLAGS=''
LIBGMP_LIBS=''
LIBGNUTLS_CFLAGS=''
LIBGNUTLS_LIBS=''
LIBICONV=''
LIBINTL=''
LIBNETTLE_CFLAGS=''
LIBNETTLE_LIBS=''
LIBOBJS=''
LIBS=''
LIBSSH2_CFLAGS=''
LIBSSH2_LIBS=''
LIBTOOL=''
LIBUV_CFLAGS=''
LIBUV_LIBS=''
LIBXML2_CFLAGS=''
LIBXML2_LIBS=''
LIPO=''
LN_S=''
LTLIBICONV=''
LTLIBINTL=''
LTLIBOBJS=''
LT_AGE=''
LT_CURRENT=''
LT_REVISION=''
LT_SYS_LIBRARY_PATH=''
MAKEINFO='${SHELL} /data/data/io.neoterm/files/home/aria2-1.35.0/missing makeinfo'
MANIFEST_TOOL=''
MINGW_BUILD_FALSE=''
MINGW_BUILD_TRUE=''
MKDIR_P='./install-sh -c -d'
MSGFMT=''
MSGFMT_015=''
MSGMERGE=''
NM=''
NMEDIT=''
OBJDUMP=''
OBJEXT='o'
OPENSSL_CFLAGS=''
OPENSSL_LIBS=''
OTOOL64=''
OTOOL=''
PACKAGE='aria2'
PACKAGE_BUGREPORT='https://github.com/aria2/aria2/issues'
PACKAGE_NAME='aria2'
PACKAGE_STRING='aria2 1.35.0'
PACKAGE_TARNAME='aria2'
PACKAGE_URL='https://aria2.github.io/'
PACKAGE_VERSION='1.35.0'
PATH_SEPARATOR=':'
PKG_CONFIG=''
PKG_CONFIG_LIBDIR=''
PKG_CONFIG_PATH='/data/data/io.neoterm/files/home/aria2/usr/local/lib/pkgconfig'
POSUB=''
POW_LIB=''
RANLIB=''
RST2HTML=''
SED=''
SET_MAKE=''
SHELL='/bin/sh'
SPHINXBUILD=''
SQLITE3_CFLAGS=''
SQLITE3_LIBS=''
STRIP='aarch64-linux-android-strip'
TCMALLOC_CFLAGS=''
TCMALLOC_LIBS=''
USE_APPLE_MD_FALSE=''
USE_APPLE_MD_TRUE=''
USE_INTERNAL_ARC4_FALSE=''
USE_INTERNAL_ARC4_TRUE=''
USE_INTERNAL_BIGNUM_FALSE=''
USE_INTERNAL_BIGNUM_TRUE=''
USE_INTERNAL_MD_FALSE=''
USE_INTERNAL_MD_TRUE=''
USE_LIBGCRYPT_MD_FALSE=''
USE_LIBGCRYPT_MD_TRUE=''
USE_LIBNETTLE_MD_FALSE=''
USE_LIBNETTLE_MD_TRUE=''
USE_NLS=''
USE_OPENSSL_MD_FALSE=''
USE_OPENSSL_MD_TRUE=''
USE_WINDOWS_MD_FALSE=''
USE_WINDOWS_MD_TRUE=''
VERSION='1.35.0'
WARNCXXFLAGS=''
WINTLS_LIBS=''
WSLAY_CFLAGS=''
WSLAY_LIBS=''
XGETTEXT=''
XGETTEXT_015=''
XGETTEXT_EXTRA_OPTIONS=''
YACC=''
YFLAGS=''
ZLIB_CFLAGS=''
ZLIB_LIBS=''
ac_ct_AR=''
ac_ct_CC=''
ac_ct_CXX=''
ac_ct_DUMPBIN=''
am__EXEEXT_FALSE=''
am__EXEEXT_TRUE=''
am__fastdepCCAS_FALSE=''
am__fastdepCCAS_TRUE=''
am__fastdepCC_FALSE=''
am__fastdepCC_TRUE=''
am__fastdepCXX_FALSE=''
am__fastdepCXX_TRUE=''
am__include='include'
am__isrc=''
am__leading_dot='.'
am__nodep='_no'
am__quote=''
am__tar='$${TAR-tar} chof - "$$tardir"'
am__untar='$${TAR-tar} xf -'
bashcompletiondir=''
bindir='${exec_prefix}/bin'
build='aarch64-unknown-linux-gnu'
build_alias=''
build_cpu='aarch64'
build_os='linux-gnu'
build_vendor='unknown'
datadir='${datarootdir}'
datarootdir='${prefix}/share'
docdir='${datarootdir}/doc/${PACKAGE_TARNAME}'
dvidir='${docdir}'
exec_prefix='NONE'
host='aarch64-unknown-linux-android'
host_alias='aarch64-linux-android'
host_cpu='aarch64'
host_os='linux-android'
host_vendor='unknown'
htmldir='${docdir}'
includedir='${prefix}/include'
infodir='${datarootdir}/info'
install_sh='${SHELL} /data/data/io.neoterm/files/home/aria2-1.35.0/install-sh'
libdir='${exec_prefix}/lib'
libexecdir='${exec_prefix}/libexec'
localedir='${datarootdir}/locale'
localstatedir='${prefix}/var'
mandir='${datarootdir}/man'
mkdir_p='$(MKDIR_P)'
oldincludedir='/usr/include'
pdfdir='${docdir}'
prefix='/data/data/io.neoterm/files/home/aria2/usr/local'
program_transform_name='s,x,x,'
psdir='${docdir}'
runstatedir='${localstatedir}/run'
sbindir='${exec_prefix}/sbin'
sharedstatedir='${prefix}/com'
subdirs=''
sysconfdir='${prefix}/etc'
target='aarch64-unknown-linux-android'
target_alias=''
target_cpu='aarch64'
target_os='linux-android'
target_vendor='unknown'

configure: caught signal 2
configure: exit 1
