This file contains any messages produced by compilers while
running configure, to aid debugging if configure makes a mistake.

It was created by wslay configure 1.0.1-DEV, which was
generated by GNU Autoconf 2.69.  Invocation command line was

  $ ./configure --disable-option-checking --prefix=/data/data/io.neoterm/files/home/aria2/usr/local --host=aarch64-linux-android --disable-nls --without-gnutls --with-openssl --without-libxml2 --with-libz --with-libz-prefix=/data/data/io.neoterm/files/home/aria2/usr/local --with-libexpat --with-libexpat-prefix=/data/data/io.neoterm/files/home/aria2/usr/local --with-sqlite3 --with-sqlite3-prefix=/data/data/io.neoterm/files/home/aria2/usr/local --with-libcares --with-libcares-prefix=/data/data/io.neoterm/files/home/aria2/usr/local --with-libssh2 --with-libssh2-prefix=/data/data/io.neoterm/files/home/aria2/usr/local --with-ca-bundle=/data/user/0/bin.mt.plus/files/term/usr/etc/ca-certificates.crt LDFLAGS=-L/data/data/io.neoterm/files/home/aria2/usr/local/lib PKG_CONFIG_PATH=/data/data/io.neoterm/files/home/aria2/usr/local/lib/pkgconfig ARIA2_STATIC=yes CC=/data/data/io.neoterm/files/home/aria2/toolchain/bin/clang CXX=/data/data/io.neoterm/files/home/aria2/toolchain/bin/clang++ host_alias=aarch64-linux-android --cache-file=/dev/null --srcdir=.

## --------- ##
## Platform. ##
## --------- ##

hostname = localhost
uname -m = aarch64
uname -r = 4.14.117-resurrected-gbadd2cd3b5e0
uname -s = Linux
uname -v = #1 SMP PREEMPT Sun Oct 25 22:47:58 AEDT 2020

/usr/bin/uname -p = unknown
/bin/uname -X     = unknown

/bin/arch              = unknown
/usr/bin/arch -k       = unknown
/usr/convex/getsysinfo = unknown
/usr/bin/hostinfo      = unknown
/bin/machine           = unknown
/usr/bin/oslevel       = unknown
/bin/universe          = unknown

PATH: /data/data/io.neoterm/files/usr/bin
PATH: /data/data/io.neoterm/files/usr/bin/applets


## ----------- ##
## Core tests. ##
## ----------- ##

configure:2559: checking build system type
configure:2573: result: aarch64-unknown-linux-gnu
configure:2593: checking host system type
configure:2606: result: aarch64-unknown-linux-android
configure:2647: checking how to print strings
configure:2674: result: printf
configure:2706: checking for aarch64-linux-android-gcc
configure:2733: result: /data/data/io.neoterm/files/home/aria2/toolchain/bin/clang
configure:3002: checking for C compiler version
configure:3011: /data/data/io.neoterm/files/home/aria2/toolchain/bin/clang --version >&5
clang version 7.0.0 
Target: aarch64-none-linux-android
Thread model: posix
InstalledDir: /data/data/io.neoterm/files/home/aria2/toolchain/bin
configure:3022: $? = 0
configure:3011: /data/data/io.neoterm/files/home/aria2/toolchain/bin/clang -v >&5
clang version 7.0.0 
Target: aarch64-none-linux-android
Thread model: posix
InstalledDir: /data/data/io.neoterm/files/home/aria2/toolchain/bin
Found candidate GCC installation: /data/data/io.neoterm/files/home/aria2/toolchain/bin/../lib/gcc/aarch64-linux-android/4.9.x
Selected GCC installation: /data/data/io.neoterm/files/home/aria2/toolchain/bin/../lib/gcc/aarch64-linux-android/4.9.x
Candidate multilib: .;@m64
Selected multilib: .;@m64
clang-7: warning: argument unused during compilation: '-D __ANDROID_API__=28' [-Wunused-command-line-argument]
configure:3022: $? = 0
configure:3011: /data/data/io.neoterm/files/home/aria2/toolchain/bin/clang -V >&5
clang-7: error: argument to '-V' is missing (expected 1 value)
clang-7: error: no input files
configure:3022: $? = 1
configure:3011: /data/data/io.neoterm/files/home/aria2/toolchain/bin/clang -qversion >&5
clang-7: error: unknown argument '-qversion', did you mean '--version'?
clang-7: error: no input files
configure:3022: $? = 1
configure:3042: checking whether the C compiler works
configure:3064: /data/data/io.neoterm/files/home/aria2/toolchain/bin/clang   -L/data/data/io.neoterm/files/home/aria2/usr/local/lib conftest.c  >&5
configure:3068: $? = 0
configure:3116: result: yes
configure:3119: checking for C compiler default output file name
configure:3121: result: a.out
configure:3127: checking for suffix of executables
configure:3134: /data/data/io.neoterm/files/home/aria2/toolchain/bin/clang -o conftest   -L/data/data/io.neoterm/files/home/aria2/usr/local/lib conftest.c  >&5
configure:3138: $? = 0
configure:3160: result: 
configure:3182: checking whether we are cross compiling
configure:3190: /data/data/io.neoterm/files/home/aria2/toolchain/bin/clang -o conftest   -L/data/data/io.neoterm/files/home/aria2/usr/local/lib conftest.c  >&5
configure:3194: $? = 0
configure:3201: ./conftest
configure:3205: $? = 0
configure:3220: result: no
configure:3225: checking for suffix of object files
configure:3247: /data/data/io.neoterm/files/home/aria2/toolchain/bin/clang -c   conftest.c >&5
configure:3251: $? = 0
configure:3272: result: o
configure:3276: checking whether we are using the GNU C compiler
configure:3295: /data/data/io.neoterm/files/home/aria2/toolchain/bin/clang -c   conftest.c >&5
configure:3295: $? = 0
configure:3304: result: yes
configure:3313: checking whether /data/data/io.neoterm/files/home/aria2/toolchain/bin/clang accepts -g
configure:3333: /data/data/io.neoterm/files/home/aria2/toolchain/bin/clang -c -g  conftest.c >&5
configure:3333: $? = 0
configure:3374: result: yes
configure:3391: checking for /data/data/io.neoterm/files/home/aria2/toolchain/bin/clang option to accept ISO C89
configure:3454: /data/data/io.neoterm/files/home/aria2/toolchain/bin/clang  -c -g -O2  conftest.c >&5
configure:3454: $? = 0
configure:3467: result: none needed
configure:3492: checking whether /data/data/io.neoterm/files/home/aria2/toolchain/bin/clang understands -c and -o together
configure:3514: /data/data/io.neoterm/files/home/aria2/toolchain/bin/clang -c conftest.c -o conftest2.o
configure:3517: $? = 0
configure:3514: /data/data/io.neoterm/files/home/aria2/toolchain/bin/clang -c conftest.c -o conftest2.o
configure:3517: $? = 0
configure:3529: result: yes
configure:3546: checking for a sed that does not truncate output
configure:3610: result: /data/data/io.neoterm/files/usr/bin/applets/sed
configure:3628: checking for grep that handles long lines and -e
configure:3686: result: /data/data/io.neoterm/files/usr/bin/applets/grep
configure:3691: checking for egrep
configure:3753: result: /data/data/io.neoterm/files/usr/bin/applets/grep -E
configure:3758: checking for fgrep
configure:3820: result: /data/data/io.neoterm/files/usr/bin/applets/grep -F
configure:3855: checking for ld used by /data/data/io.neoterm/files/home/aria2/toolchain/bin/clang
configure:3922: result: /data/data/io.neoterm/files/home/aria2/toolchain/bin/ld
configure:3929: checking if the linker (/data/data/io.neoterm/files/home/aria2/toolchain/bin/ld) is GNU ld
configure:3944: result: yes
configure:3956: checking for BSD- or MS-compatible name lister (nm)
configure:4010: result: /data/data/io.neoterm/files/usr/bin/aarch64-linux-android-nm -B
configure:4140: checking the name lister (/data/data/io.neoterm/files/usr/bin/aarch64-linux-android-nm -B) interface
configure:4147: /data/data/io.neoterm/files/home/aria2/toolchain/bin/clang -c -g -O2  conftest.c >&5
configure:4150: /data/data/io.neoterm/files/usr/bin/aarch64-linux-android-nm -B "conftest.o"
configure:4153: output
0000000000000000 B some_variable
configure:4160: result: BSD nm
configure:4163: checking whether ln -s works
configure:4167: result: yes
configure:4175: checking the maximum length of command line arguments
configure:4306: result: 32768
configure:4354: checking how to convert aarch64-unknown-linux-gnu file names to aarch64-unknown-linux-android format
configure:4394: result: func_convert_file_noop
configure:4401: checking how to convert aarch64-unknown-linux-gnu file names to toolchain format
configure:4421: result: func_convert_file_noop
configure:4428: checking for /data/data/io.neoterm/files/home/aria2/toolchain/bin/ld option to reload object files
configure:4435: result: -r
configure:4469: checking for aarch64-linux-android-objdump
configure:4485: found /data/data/io.neoterm/files/usr/bin/aarch64-linux-android-objdump
configure:4496: result: aarch64-linux-android-objdump
configure:4568: checking how to recognize dependent libraries
configure:4768: result: pass_all
configure:4813: checking for aarch64-linux-android-dlltool
configure:4843: result: no
configure:4853: checking for dlltool
configure:4883: result: no
configure:4913: checking how to associate runtime and link libraries
configure:4940: result: printf %s\n
configure:4957: checking for aarch64-linux-android-ar
configure:4973: found /data/data/io.neoterm/files/usr/bin/aarch64-linux-android-ar
configure:4984: result: aarch64-linux-android-ar
configure:5065: checking for archiver @FILE support
configure:5082: /data/data/io.neoterm/files/home/aria2/toolchain/bin/clang -c -g -O2  conftest.c >&5
configure:5082: $? = 0
configure:5085: aarch64-linux-android-ar cru libconftest.a @conftest.lst >&5
configure:5088: $? = 0
configure:5093: aarch64-linux-android-ar cru libconftest.a @conftest.lst >&5
aarch64-linux-android-ar: conftest.o: No such file or directory
configure:5096: $? = 1
configure:5108: result: @
configure:5126: checking for aarch64-linux-android-strip
configure:5142: found /data/data/io.neoterm/files/usr/bin/aarch64-linux-android-strip
configure:5153: result: aarch64-linux-android-strip
configure:5225: checking for aarch64-linux-android-ranlib
configure:5241: found /data/data/io.neoterm/files/usr/bin/aarch64-linux-android-ranlib
configure:5252: result: aarch64-linux-android-ranlib
configure:5369: checking for gawk
configure:5399: result: no
configure:5369: checking for mawk
configure:5399: result: no
configure:5369: checking for nawk
configure:5399: result: no
configure:5369: checking for awk
configure:5385: found /data/data/io.neoterm/files/usr/bin/applets/awk
configure:5396: result: awk
configure:5436: checking command to parse /data/data/io.neoterm/files/usr/bin/aarch64-linux-android-nm -B output from /data/data/io.neoterm/files/home/aria2/toolchain/bin/clang object
configure:5589: /data/data/io.neoterm/files/home/aria2/toolchain/bin/clang -c -g -O2  conftest.c >&5
configure:5592: $? = 0
configure:5596: /data/data/io.neoterm/files/usr/bin/aarch64-linux-android-nm -B conftest.o | sed -n -e 's/^.*[	 ]\([ABCDGIRSTW][ABCDGIRSTW]*\)[	 ][	 ]*\([_A-Za-z][_A-Za-z0-9]*\)$/\1 \2 \2/p' | sed '/ __gnu_lto/d' > conftest.nm
configure:5662: /data/data/io.neoterm/files/home/aria2/toolchain/bin/clang -o conftest -g -O2  -L/data/data/io.neoterm/files/home/aria2/usr/local/lib conftest.c conftstm.o >&5
configure:5665: $? = 0
configure:5703: result: ok
configure:5750: checking for sysroot
configure:5780: result: no
configure:5787: checking for a working dd
configure:5825: result: /data/data/io.neoterm/files/usr/bin/applets/dd
configure:5829: checking how to truncate binary pipes
configure:5844: result: /data/data/io.neoterm/files/usr/bin/applets/dd bs=4096 count=1
configure:6133: checking for aarch64-linux-android-mt
configure:6163: result: no
configure:6173: checking for mt
configure:6203: result: no
configure:6223: checking if : is a manifest tool
configure:6229: : '-?'
configure:6237: result: no
configure:6914: checking how to run the C preprocessor
configure:6945: /data/data/io.neoterm/files/home/aria2/toolchain/bin/clang -E  conftest.c
configure:6945: $? = 0
configure:6959: /data/data/io.neoterm/files/home/aria2/toolchain/bin/clang -E  conftest.c
conftest.c:9:10: fatal error: 'ac_nonexistent.h' file not found
#include <ac_nonexistent.h>
         ^~~~~~~~~~~~~~~~~~
1 error generated.
configure:6959: $? = 1
configure: failed program was:
| /* confdefs.h */
| #define PACKAGE_NAME "wslay"
| #define PACKAGE_TARNAME "wslay"
| #define PACKAGE_VERSION "1.0.1-DEV"
| #define PACKAGE_STRING "wslay 1.0.1-DEV"
| #define PACKAGE_BUGREPORT "t-tujikawa@users.sourceforge.net"
| #define PACKAGE_URL ""
| /* end confdefs.h.  */
| #include <ac_nonexistent.h>
configure:6984: result: /data/data/io.neoterm/files/home/aria2/toolchain/bin/clang -E
configure:7004: /data/data/io.neoterm/files/home/aria2/toolchain/bin/clang -E  conftest.c
configure:7004: $? = 0
configure:7018: /data/data/io.neoterm/files/home/aria2/toolchain/bin/clang -E  conftest.c
conftest.c:9:10: fatal error: 'ac_nonexistent.h' file not found
#include <ac_nonexistent.h>
         ^~~~~~~~~~~~~~~~~~
1 error generated.
configure:7018: $? = 1
configure: failed program was:
| /* confdefs.h */
| #define PACKAGE_NAME "wslay"
| #define PACKAGE_TARNAME "wslay"
| #define PACKAGE_VERSION "1.0.1-DEV"
| #define PACKAGE_STRING "wslay 1.0.1-DEV"
| #define PACKAGE_BUGREPORT "t-tujikawa@users.sourceforge.net"
| #define PACKAGE_URL ""
| /* end confdefs.h.  */
| #include <ac_nonexistent.h>
configure:7047: checking for ANSI C header files
configure:7067: /data/data/io.neoterm/files/home/aria2/toolchain/bin/clang -c -g -O2  conftest.c >&5
configure:7067: $? = 0
configure:7140: /data/data/io.neoterm/files/home/aria2/toolchain/bin/clang -o conftest -g -O2  -L/data/data/io.neoterm/files/home/aria2/usr/local/lib conftest.c  >&5
configure:7140: $? = 0
configure:7140: ./conftest
configure:7140: $? = 0
configure:7151: result: yes
configure:7164: checking for sys/types.h
configure:7164: /data/data/io.neoterm/files/home/aria2/toolchain/bin/clang -c -g -O2  conftest.c >&5
configure:7164: $? = 0
configure:7164: result: yes
configure:7164: checking for sys/stat.h
configure:7164: /data/data/io.neoterm/files/home/aria2/toolchain/bin/clang -c -g -O2  conftest.c >&5
configure:7164: $? = 0
configure:7164: result: yes
configure:7164: checking for stdlib.h
configure:7164: /data/data/io.neoterm/files/home/aria2/toolchain/bin/clang -c -g -O2  conftest.c >&5
configure:7164: $? = 0
configure:7164: result: yes
configure:7164: checking for string.h
configure:7164: /data/data/io.neoterm/files/home/aria2/toolchain/bin/clang -c -g -O2  conftest.c >&5
configure:7164: $? = 0
configure:7164: result: yes
configure:7164: checking for memory.h
configure:7164: /data/data/io.neoterm/files/home/aria2/toolchain/bin/clang -c -g -O2  conftest.c >&5
configure:7164: $? = 0
configure:7164: result: yes
configure:7164: checking for strings.h
configure:7164: /data/data/io.neoterm/files/home/aria2/toolchain/bin/clang -c -g -O2  conftest.c >&5
configure:7164: $? = 0
configure:7164: result: yes
configure:7164: checking for inttypes.h
configure:7164: /data/data/io.neoterm/files/home/aria2/toolchain/bin/clang -c -g -O2  conftest.c >&5
configure:7164: $? = 0
configure:7164: result: yes
configure:7164: checking for stdint.h
configure:7164: /data/data/io.neoterm/files/home/aria2/toolchain/bin/clang -c -g -O2  conftest.c >&5
configure:7164: $? = 0
configure:7164: result: yes
configure:7164: checking for unistd.h
configure:7164: /data/data/io.neoterm/files/home/aria2/toolchain/bin/clang -c -g -O2  conftest.c >&5
configure:7164: $? = 0
configure:7164: result: yes
configure:7178: checking for dlfcn.h
configure:7178: /data/data/io.neoterm/files/home/aria2/toolchain/bin/clang -c -g -O2  conftest.c >&5
configure:7178: $? = 0
configure:7178: result: yes
configure:7434: checking for objdir
configure:7449: result: .libs
configure:7713: checking if /data/data/io.neoterm/files/home/aria2/toolchain/bin/clang supports -fno-rtti -fno-exceptions
configure:7731: /data/data/io.neoterm/files/home/aria2/toolchain/bin/clang -c -g -O2  -fno-rtti -fno-exceptions conftest.c >&5
configure:7735: $? = 0
configure:7748: result: yes
configure:8112: checking for /data/data/io.neoterm/files/home/aria2/toolchain/bin/clang option to produce PIC
configure:8119: result: -fPIC -DPIC
configure:8127: checking if /data/data/io.neoterm/files/home/aria2/toolchain/bin/clang PIC flag -fPIC -DPIC works
configure:8145: /data/data/io.neoterm/files/home/aria2/toolchain/bin/clang -c -g -O2  -fPIC -DPIC -DPIC conftest.c >&5
configure:8149: $? = 0
configure:8162: result: yes
configure:8191: checking if /data/data/io.neoterm/files/home/aria2/toolchain/bin/clang static flag -static works
configure:8219: result: yes
configure:8234: checking if /data/data/io.neoterm/files/home/aria2/toolchain/bin/clang supports -c -o file.o
configure:8255: /data/data/io.neoterm/files/home/aria2/toolchain/bin/clang -c -g -O2  -o out/conftest2.o conftest.c >&5
configure:8259: $? = 0
configure:8281: result: yes
configure:8289: checking if /data/data/io.neoterm/files/home/aria2/toolchain/bin/clang supports -c -o file.o
configure:8336: result: yes
configure:8369: checking whether the /data/data/io.neoterm/files/home/aria2/toolchain/bin/clang linker (/data/data/io.neoterm/files/home/aria2/toolchain/bin/ld) supports shared libraries
configure:9632: result: yes
configure:9669: checking whether -lc should be explicitly linked in
configure:9677: /data/data/io.neoterm/files/home/aria2/toolchain/bin/clang -c -g -O2  conftest.c >&5
configure:9680: $? = 0
configure:9695: /data/data/io.neoterm/files/home/aria2/toolchain/bin/clang -shared  -fPIC -DPIC conftest.o  -v -Wl,-soname -Wl,conftest -o conftest 2\>\&1 \| /data/data/io.neoterm/files/usr/bin/applets/grep  -lc  \>/dev/null 2\>\&1
configure:9698: $? = 0
configure:9712: result: no
configure:9872: checking dynamic linker characteristics
configure:10702: result: Android linker
configure:10824: checking how to hardcode library paths into programs
configure:10849: result: immediate
configure:11397: checking whether stripping libraries is possible
configure:11402: result: yes
configure:11437: checking if libtool supports shared libraries
configure:11439: result: yes
configure:11442: checking whether to build shared libraries
configure:11467: result: yes
configure:11470: checking whether to build static libraries
configure:11474: result: yes
configure:11549: checking target system type
configure:11562: result: aarch64-unknown-linux-android
configure:11607: checking for a BSD-compatible install
configure:11675: result: /data/data/io.neoterm/files/usr/bin/applets/install -c
configure:11686: checking whether build environment is sane
configure:11741: result: yes
configure:11889: checking for a thread-safe mkdir -p
configure:11928: result: ./install-sh -c -d
configure:11931: checking whether make sets $(MAKE)
configure:11953: result: yes
configure:11975: checking whether make supports the include directive
configure:11990: make -f confmf.GNU && cat confinc.out
this is the am__doit target
configure:11993: $? = 0
configure:12012: result: yes (GNU style)
configure:12045: checking whether make supports nested variables
configure:12062: result: yes
configure:12147: checking dependency style of /data/data/io.neoterm/files/home/aria2/toolchain/bin/clang
configure:12258: result: gcc3
configure:12327: checking for aarch64-linux-android-gcc
configure:12354: result: /data/data/io.neoterm/files/home/aria2/toolchain/bin/clang
configure:12623: checking for C compiler version
configure:12632: /data/data/io.neoterm/files/home/aria2/toolchain/bin/clang --version >&5
clang version 7.0.0 
Target: aarch64-none-linux-android
Thread model: posix
InstalledDir: /data/data/io.neoterm/files/home/aria2/toolchain/bin
configure:12643: $? = 0
configure:12632: /data/data/io.neoterm/files/home/aria2/toolchain/bin/clang -v >&5
clang version 7.0.0 
Target: aarch64-none-linux-android
Thread model: posix
InstalledDir: /data/data/io.neoterm/files/home/aria2/toolchain/bin
Found candidate GCC installation: /data/data/io.neoterm/files/home/aria2/toolchain/bin/../lib/gcc/aarch64-linux-android/4.9.x
Selected GCC installation: /data/data/io.neoterm/files/home/aria2/toolchain/bin/../lib/gcc/aarch64-linux-android/4.9.x
Candidate multilib: .;@m64
Selected multilib: .;@m64
clang-7: warning: argument unused during compilation: '-D __ANDROID_API__=28' [-Wunused-command-line-argument]
configure:12643: $? = 0
configure:12632: /data/data/io.neoterm/files/home/aria2/toolchain/bin/clang -V >&5
clang-7: error: argument to '-V' is missing (expected 1 value)
clang-7: error: no input files
configure:12643: $? = 1
configure:12632: /data/data/io.neoterm/files/home/aria2/toolchain/bin/clang -qversion >&5
clang-7: error: unknown argument '-qversion', did you mean '--version'?
clang-7: error: no input files
configure:12643: $? = 1
configure:12647: checking whether we are using the GNU C compiler
configure:12675: result: yes
configure:12684: checking whether /data/data/io.neoterm/files/home/aria2/toolchain/bin/clang accepts -g
configure:12745: result: yes
configure:12762: checking for /data/data/io.neoterm/files/home/aria2/toolchain/bin/clang option to accept ISO C89
configure:12838: result: none needed
configure:12863: checking whether /data/data/io.neoterm/files/home/aria2/toolchain/bin/clang understands -c and -o together
configure:12900: result: yes
configure:13029: checking for C++ compiler version
configure:13038: /data/data/io.neoterm/files/home/aria2/toolchain/bin/clang++ --version >&5
clang version 7.0.0 
Target: aarch64-none-linux-android
Thread model: posix
InstalledDir: /data/data/io.neoterm/files/home/aria2/toolchain/bin
configure:13049: $? = 0
configure:13038: /data/data/io.neoterm/files/home/aria2/toolchain/bin/clang++ -v >&5
clang version 7.0.0 
Target: aarch64-none-linux-android
Thread model: posix
InstalledDir: /data/data/io.neoterm/files/home/aria2/toolchain/bin
Found candidate GCC installation: /data/data/io.neoterm/files/home/aria2/toolchain/bin/../lib/gcc/aarch64-linux-android/4.9.x
Selected GCC installation: /data/data/io.neoterm/files/home/aria2/toolchain/bin/../lib/gcc/aarch64-linux-android/4.9.x
Candidate multilib: .;@m64
Selected multilib: .;@m64
clang-7: warning: argument unused during compilation: '-D __ANDROID_API__=28' [-Wunused-command-line-argument]
configure:13049: $? = 0
configure:13038: /data/data/io.neoterm/files/home/aria2/toolchain/bin/clang++ -V >&5
clang-7: error: argument to '-V' is missing (expected 1 value)
clang-7: error: no input files
configure:13049: $? = 1
configure:13038: /data/data/io.neoterm/files/home/aria2/toolchain/bin/clang++ -qversion >&5
clang-7: error: unknown argument '-qversion', did you mean '--version'?
clang-7: error: no input files
configure:13049: $? = 1
configure:13053: checking whether we are using the GNU C++ compiler
configure:13072: /data/data/io.neoterm/files/home/aria2/toolchain/bin/clang++ -c   conftest.cpp >&5
configure:13072: $? = 0
configure:13081: result: yes
configure:13090: checking whether /data/data/io.neoterm/files/home/aria2/toolchain/bin/clang++ accepts -g
configure:13110: /data/data/io.neoterm/files/home/aria2/toolchain/bin/clang++ -c -g  conftest.cpp >&5
configure:13110: $? = 0
configure:13151: result: yes
configure:13192: checking how to run the C++ preprocessor
configure:13219: /data/data/io.neoterm/files/home/aria2/toolchain/bin/clang++ -E  conftest.cpp
configure:13219: $? = 0
configure:13233: /data/data/io.neoterm/files/home/aria2/toolchain/bin/clang++ -E  conftest.cpp
conftest.cpp:23:10: fatal error: 'ac_nonexistent.h' file not found
#include <ac_nonexistent.h>
         ^~~~~~~~~~~~~~~~~~
1 error generated.
configure:13233: $? = 1
configure: failed program was:
| /* confdefs.h */
| #define PACKAGE_NAME "wslay"
| #define PACKAGE_TARNAME "wslay"
| #define PACKAGE_VERSION "1.0.1-DEV"
| #define PACKAGE_STRING "wslay 1.0.1-DEV"
| #define PACKAGE_BUGREPORT "t-tujikawa@users.sourceforge.net"
| #define PACKAGE_URL ""
| #define STDC_HEADERS 1
| #define HAVE_SYS_TYPES_H 1
| #define HAVE_SYS_STAT_H 1
| #define HAVE_STDLIB_H 1
| #define HAVE_STRING_H 1
| #define HAVE_MEMORY_H 1
| #define HAVE_STRINGS_H 1
| #define HAVE_INTTYPES_H 1
| #define HAVE_STDINT_H 1
| #define HAVE_UNISTD_H 1
| #define HAVE_DLFCN_H 1
| #define LT_OBJDIR ".libs/"
| #define PACKAGE "wslay"
| #define VERSION "1.0.1-DEV"
| /* end confdefs.h.  */
| #include <ac_nonexistent.h>
configure:13258: result: /data/data/io.neoterm/files/home/aria2/toolchain/bin/clang++ -E
configure:13278: /data/data/io.neoterm/files/home/aria2/toolchain/bin/clang++ -E  conftest.cpp
configure:13278: $? = 0
configure:13292: /data/data/io.neoterm/files/home/aria2/toolchain/bin/clang++ -E  conftest.cpp
conftest.cpp:23:10: fatal error: 'ac_nonexistent.h' file not found
#include <ac_nonexistent.h>
         ^~~~~~~~~~~~~~~~~~
1 error generated.
configure:13292: $? = 1
configure: failed program was:
| /* confdefs.h */
| #define PACKAGE_NAME "wslay"
| #define PACKAGE_TARNAME "wslay"
| #define PACKAGE_VERSION "1.0.1-DEV"
| #define PACKAGE_STRING "wslay 1.0.1-DEV"
| #define PACKAGE_BUGREPORT "t-tujikawa@users.sourceforge.net"
| #define PACKAGE_URL ""
| #define STDC_HEADERS 1
| #define HAVE_SYS_TYPES_H 1
| #define HAVE_SYS_STAT_H 1
| #define HAVE_STDLIB_H 1
| #define HAVE_STRING_H 1
| #define HAVE_MEMORY_H 1
| #define HAVE_STRINGS_H 1
| #define HAVE_INTTYPES_H 1
| #define HAVE_STDINT_H 1
| #define HAVE_UNISTD_H 1
| #define HAVE_DLFCN_H 1
| #define LT_OBJDIR ".libs/"
| #define PACKAGE "wslay"
| #define VERSION "1.0.1-DEV"
| /* end confdefs.h.  */
| #include <ac_nonexistent.h>
configure:13454: checking for ld used by /data/data/io.neoterm/files/home/aria2/toolchain/bin/clang++
configure:13521: result: /data/data/io.neoterm/files/home/aria2/toolchain/bin/ld
configure:13528: checking if the linker (/data/data/io.neoterm/files/home/aria2/toolchain/bin/ld) is GNU ld
configure:13543: result: yes
configure:13598: checking whether the /data/data/io.neoterm/files/home/aria2/toolchain/bin/clang++ linker (/data/data/io.neoterm/files/home/aria2/toolchain/bin/ld) supports shared libraries
configure:14671: result: yes
configure:14707: /data/data/io.neoterm/files/home/aria2/toolchain/bin/clang++ -c -g -O2  conftest.cpp >&5
configure:14710: $? = 0
configure:15191: checking for /data/data/io.neoterm/files/home/aria2/toolchain/bin/clang++ option to produce PIC
configure:15198: result: -fPIC -DPIC
configure:15206: checking if /data/data/io.neoterm/files/home/aria2/toolchain/bin/clang++ PIC flag -fPIC -DPIC works
configure:15224: /data/data/io.neoterm/files/home/aria2/toolchain/bin/clang++ -c -g -O2  -fPIC -DPIC -DPIC conftest.cpp >&5
configure:15228: $? = 0
configure:15241: result: yes
configure:15264: checking if /data/data/io.neoterm/files/home/aria2/toolchain/bin/clang++ static flag -static works
configure:15292: result: yes
configure:15304: checking if /data/data/io.neoterm/files/home/aria2/toolchain/bin/clang++ supports -c -o file.o
configure:15325: /data/data/io.neoterm/files/home/aria2/toolchain/bin/clang++ -c -g -O2  -o out/conftest2.o conftest.cpp >&5
configure:15329: $? = 0
configure:15351: result: yes
configure:15356: checking if /data/data/io.neoterm/files/home/aria2/toolchain/bin/clang++ supports -c -o file.o
configure:15403: result: yes
configure:15433: checking whether the /data/data/io.neoterm/files/home/aria2/toolchain/bin/clang++ linker (/data/data/io.neoterm/files/home/aria2/toolchain/bin/ld) supports shared libraries
configure:15476: result: yes
configure:15617: checking dynamic linker characteristics
configure:16374: result: Android linker
configure:16439: checking how to hardcode library paths into programs
configure:16464: result: immediate
configure:16506: checking dependency style of /data/data/io.neoterm/files/home/aria2/toolchain/bin/clang++
configure:16617: result: gcc3
configure:16633: checking whether ln -s works
configure:16637: result: yes
configure:16644: checking whether make sets $(MAKE)
configure:16666: result: yes
configure:16686: checking for aarch64-linux-android-pkg-config
configure:16719: result: no
configure:16729: checking for pkg-config
configure:16747: found /data/data/io.neoterm/files/usr/bin/pkg-config
configure:16759: result: /data/data/io.neoterm/files/usr/bin/pkg-config
configure:16784: checking pkg-config is at least version 0.20
configure:16787: result: yes
configure:16798: checking for sphinx-build
configure:16831: result: no
configure:16851: checking for NETTLE
configure:16858: $PKG_CONFIG --exists --print-errors "nettle >= 2.4"
Package nettle was not found in the pkg-config search path.
Perhaps you should add the directory containing `nettle.pc'
to the PKG_CONFIG_PATH environment variable
No package 'nettle' found
configure:16861: $? = 1
configure:16875: $PKG_CONFIG --exists --print-errors "nettle >= 2.4"
Package nettle was not found in the pkg-config search path.
Perhaps you should add the directory containing `nettle.pc'
to the PKG_CONFIG_PATH environment variable
No package 'nettle' found
configure:16878: $? = 1
configure:16892: result: no
No package 'nettle' found
configure:16921: checking for CU_initialize_registry in -lcunit
configure:16946: /data/data/io.neoterm/files/home/aria2/toolchain/bin/clang -o conftest -g -O2  -L/data/data/io.neoterm/files/home/aria2/usr/local/lib conftest.c -lcunit   >&5
/data/data/io.neoterm/files/home/aria2/toolchain/bin/ld: cannot find -lcunit
clang-7: error: linker command failed with exit code 1 (use -v to see invocation)
configure:16946: $? = 1
configure: failed program was:
| /* confdefs.h */
| #define PACKAGE_NAME "wslay"
| #define PACKAGE_TARNAME "wslay"
| #define PACKAGE_VERSION "1.0.1-DEV"
| #define PACKAGE_STRING "wslay 1.0.1-DEV"
| #define PACKAGE_BUGREPORT "t-tujikawa@users.sourceforge.net"
| #define PACKAGE_URL ""
| #define STDC_HEADERS 1
| #define HAVE_SYS_TYPES_H 1
| #define HAVE_SYS_STAT_H 1
| #define HAVE_STDLIB_H 1
| #define HAVE_STRING_H 1
| #define HAVE_MEMORY_H 1
| #define HAVE_STRINGS_H 1
| #define HAVE_INTTYPES_H 1
| #define HAVE_STDINT_H 1
| #define HAVE_UNISTD_H 1
| #define HAVE_DLFCN_H 1
| #define LT_OBJDIR ".libs/"
| #define PACKAGE "wslay"
| #define VERSION "1.0.1-DEV"
| /* end confdefs.h.  */
| 
| /* Override any GCC internal prototype to avoid an error.
|    Use char because int might match the return type of a GCC
|    builtin and then its argument prototype would still apply.  */
| #ifdef __cplusplus
| extern "C"
| #endif
| char CU_initialize_registry ();
| int
| main ()
| {
| return CU_initialize_registry ();
|   ;
|   return 0;
| }
configure:16955: result: no
configure:16991: checking arpa/inet.h usability
configure:16991: /data/data/io.neoterm/files/home/aria2/toolchain/bin/clang -c -g -O2  conftest.c >&5
configure:16991: $? = 0
configure:16991: result: yes
configure:16991: checking arpa/inet.h presence
configure:16991: /data/data/io.neoterm/files/home/aria2/toolchain/bin/clang -E  conftest.c
configure:16991: $? = 0
configure:16991: result: yes
configure:16991: checking for arpa/inet.h
configure:16991: result: yes
configure:16991: checking netinet/in.h usability
configure:16991: /data/data/io.neoterm/files/home/aria2/toolchain/bin/clang -c -g -O2  conftest.c >&5
configure:16991: $? = 0
configure:16991: result: yes
configure:16991: checking netinet/in.h presence
configure:16991: /data/data/io.neoterm/files/home/aria2/toolchain/bin/clang -E  conftest.c
configure:16991: $? = 0
configure:16991: result: yes
configure:16991: checking for netinet/in.h
configure:16991: result: yes
configure:16991: checking stddef.h usability
configure:16991: /data/data/io.neoterm/files/home/aria2/toolchain/bin/clang -c -g -O2  conftest.c >&5
configure:16991: $? = 0
configure:16991: result: yes
configure:16991: checking stddef.h presence
configure:16991: /data/data/io.neoterm/files/home/aria2/toolchain/bin/clang -E  conftest.c
configure:16991: $? = 0
configure:16991: result: yes
configure:16991: checking for stddef.h
configure:16991: result: yes
configure:16991: checking for stdint.h
configure:16991: result: yes
configure:16991: checking for stdlib.h
configure:16991: result: yes
configure:16991: checking for string.h
configure:16991: result: yes
configure:16991: checking for unistd.h
configure:16991: result: yes
configure:17021: checking for size_t
configure:17021: /data/data/io.neoterm/files/home/aria2/toolchain/bin/clang -c -g -O2  conftest.c >&5
configure:17021: $? = 0
configure:17021: /data/data/io.neoterm/files/home/aria2/toolchain/bin/clang -c -g -O2  conftest.c >&5
conftest.c:66:21: error: expected expression
if (sizeof ((size_t)))
                    ^
1 error generated.
configure:17021: $? = 1
configure: failed program was:
| /* confdefs.h */
| #define PACKAGE_NAME "wslay"
| #define PACKAGE_TARNAME "wslay"
| #define PACKAGE_VERSION "1.0.1-DEV"
| #define PACKAGE_STRING "wslay 1.0.1-DEV"
| #define PACKAGE_BUGREPORT "t-tujikawa@users.sourceforge.net"
| #define PACKAGE_URL ""
| #define STDC_HEADERS 1
| #define HAVE_SYS_TYPES_H 1
| #define HAVE_SYS_STAT_H 1
| #define HAVE_STDLIB_H 1
| #define HAVE_STRING_H 1
| #define HAVE_MEMORY_H 1
| #define HAVE_STRINGS_H 1
| #define HAVE_INTTYPES_H 1
| #define HAVE_STDINT_H 1
| #define HAVE_UNISTD_H 1
| #define HAVE_DLFCN_H 1
| #define LT_OBJDIR ".libs/"
| #define PACKAGE "wslay"
| #define VERSION "1.0.1-DEV"
| #define HAVE_ARPA_INET_H 1
| #define HAVE_NETINET_IN_H 1
| #define HAVE_STDDEF_H 1
| #define HAVE_STDINT_H 1
| #define HAVE_STDLIB_H 1
| #define HAVE_STRING_H 1
| #define HAVE_UNISTD_H 1
| /* end confdefs.h.  */
| #include <stdio.h>
| #ifdef HAVE_SYS_TYPES_H
| # include <sys/types.h>
| #endif
| #ifdef HAVE_SYS_STAT_H
| # include <sys/stat.h>
| #endif
| #ifdef STDC_HEADERS
| # include <stdlib.h>
| # include <stddef.h>
| #else
| # ifdef HAVE_STDLIB_H
| #  include <stdlib.h>
| # endif
| #endif
| #ifdef HAVE_STRING_H
| # if !defined STDC_HEADERS && defined HAVE_MEMORY_H
| #  include <memory.h>
| # endif
| # include <string.h>
| #endif
| #ifdef HAVE_STRINGS_H
| # include <strings.h>
| #endif
| #ifdef HAVE_INTTYPES_H
| # include <inttypes.h>
| #endif
| #ifdef HAVE_STDINT_H
| # include <stdint.h>
| #endif
| #ifdef HAVE_UNISTD_H
| # include <unistd.h>
| #endif
| int
| main ()
| {
| if (sizeof ((size_t)))
| 	    return 0;
|   ;
|   return 0;
| }
configure:17021: result: yes
configure:17032: checking for ssize_t
configure:17032: /data/data/io.neoterm/files/home/aria2/toolchain/bin/clang -c -g -O2  conftest.c >&5
configure:17032: $? = 0
configure:17032: /data/data/io.neoterm/files/home/aria2/toolchain/bin/clang -c -g -O2  conftest.c >&5
conftest.c:66:22: error: expected expression
if (sizeof ((ssize_t)))
                     ^
1 error generated.
configure:17032: $? = 1
configure: failed program was:
| /* confdefs.h */
| #define PACKAGE_NAME "wslay"
| #define PACKAGE_TARNAME "wslay"
| #define PACKAGE_VERSION "1.0.1-DEV"
| #define PACKAGE_STRING "wslay 1.0.1-DEV"
| #define PACKAGE_BUGREPORT "t-tujikawa@users.sourceforge.net"
| #define PACKAGE_URL ""
| #define STDC_HEADERS 1
| #define HAVE_SYS_TYPES_H 1
| #define HAVE_SYS_STAT_H 1
| #define HAVE_STDLIB_H 1
| #define HAVE_STRING_H 1
| #define HAVE_MEMORY_H 1
| #define HAVE_STRINGS_H 1
| #define HAVE_INTTYPES_H 1
| #define HAVE_STDINT_H 1
| #define HAVE_UNISTD_H 1
| #define HAVE_DLFCN_H 1
| #define LT_OBJDIR ".libs/"
| #define PACKAGE "wslay"
| #define VERSION "1.0.1-DEV"
| #define HAVE_ARPA_INET_H 1
| #define HAVE_NETINET_IN_H 1
| #define HAVE_STDDEF_H 1
| #define HAVE_STDINT_H 1
| #define HAVE_STDLIB_H 1
| #define HAVE_STRING_H 1
| #define HAVE_UNISTD_H 1
| /* end confdefs.h.  */
| #include <stdio.h>
| #ifdef HAVE_SYS_TYPES_H
| # include <sys/types.h>
| #endif
| #ifdef HAVE_SYS_STAT_H
| # include <sys/stat.h>
| #endif
| #ifdef STDC_HEADERS
| # include <stdlib.h>
| # include <stddef.h>
| #else
| # ifdef HAVE_STDLIB_H
| #  include <stdlib.h>
| # endif
| #endif
| #ifdef HAVE_STRING_H
| # if !defined STDC_HEADERS && defined HAVE_MEMORY_H
| #  include <memory.h>
| # endif
| # include <string.h>
| #endif
| #ifdef HAVE_STRINGS_H
| # include <strings.h>
| #endif
| #ifdef HAVE_INTTYPES_H
| # include <inttypes.h>
| #endif
| #ifdef HAVE_STDINT_H
| # include <stdint.h>
| #endif
| #ifdef HAVE_UNISTD_H
| # include <unistd.h>
| #endif
| int
| main ()
| {
| if (sizeof ((ssize_t)))
| 	    return 0;
|   ;
|   return 0;
| }
configure:17032: result: yes
configure:17043: checking for uint8_t
configure:17043: /data/data/io.neoterm/files/home/aria2/toolchain/bin/clang -c -g -O2  conftest.c >&5
configure:17043: $? = 0
configure:17043: result: yes
configure:17057: checking for uint16_t
configure:17057: /data/data/io.neoterm/files/home/aria2/toolchain/bin/clang -c -g -O2  conftest.c >&5
configure:17057: $? = 0
configure:17057: result: yes
configure:17069: checking for uint32_t
configure:17069: /data/data/io.neoterm/files/home/aria2/toolchain/bin/clang -c -g -O2  conftest.c >&5
configure:17069: $? = 0
configure:17069: result: yes
configure:17083: checking for uint64_t
configure:17083: /data/data/io.neoterm/files/home/aria2/toolchain/bin/clang -c -g -O2  conftest.c >&5
configure:17083: $? = 0
configure:17083: result: yes
configure:17097: checking for ptrdiff_t
configure:17097: /data/data/io.neoterm/files/home/aria2/toolchain/bin/clang -c -g -O2  conftest.c >&5
configure:17097: $? = 0
configure:17097: /data/data/io.neoterm/files/home/aria2/toolchain/bin/clang -c -g -O2  conftest.c >&5
conftest.c:66:24: error: expected expression
if (sizeof ((ptrdiff_t)))
                       ^
1 error generated.
configure:17097: $? = 1
configure: failed program was:
| /* confdefs.h */
| #define PACKAGE_NAME "wslay"
| #define PACKAGE_TARNAME "wslay"
| #define PACKAGE_VERSION "1.0.1-DEV"
| #define PACKAGE_STRING "wslay 1.0.1-DEV"
| #define PACKAGE_BUGREPORT "t-tujikawa@users.sourceforge.net"
| #define PACKAGE_URL ""
| #define STDC_HEADERS 1
| #define HAVE_SYS_TYPES_H 1
| #define HAVE_SYS_STAT_H 1
| #define HAVE_STDLIB_H 1
| #define HAVE_STRING_H 1
| #define HAVE_MEMORY_H 1
| #define HAVE_STRINGS_H 1
| #define HAVE_INTTYPES_H 1
| #define HAVE_STDINT_H 1
| #define HAVE_UNISTD_H 1
| #define HAVE_DLFCN_H 1
| #define LT_OBJDIR ".libs/"
| #define PACKAGE "wslay"
| #define VERSION "1.0.1-DEV"
| #define HAVE_ARPA_INET_H 1
| #define HAVE_NETINET_IN_H 1
| #define HAVE_STDDEF_H 1
| #define HAVE_STDINT_H 1
| #define HAVE_STDLIB_H 1
| #define HAVE_STRING_H 1
| #define HAVE_UNISTD_H 1
| /* end confdefs.h.  */
| #include <stdio.h>
| #ifdef HAVE_SYS_TYPES_H
| # include <sys/types.h>
| #endif
| #ifdef HAVE_SYS_STAT_H
| # include <sys/stat.h>
| #endif
| #ifdef STDC_HEADERS
| # include <stdlib.h>
| # include <stddef.h>
| #else
| # ifdef HAVE_STDLIB_H
| #  include <stdlib.h>
| # endif
| #endif
| #ifdef HAVE_STRING_H
| # if !defined STDC_HEADERS && defined HAVE_MEMORY_H
| #  include <memory.h>
| # endif
| # include <string.h>
| #endif
| #ifdef HAVE_STRINGS_H
| # include <strings.h>
| #endif
| #ifdef HAVE_INTTYPES_H
| # include <inttypes.h>
| #endif
| #ifdef HAVE_STDINT_H
| # include <stdint.h>
| #endif
| #ifdef HAVE_UNISTD_H
| # include <unistd.h>
| #endif
| int
| main ()
| {
| if (sizeof ((ptrdiff_t)))
| 	    return 0;
|   ;
|   return 0;
| }
configure:17097: result: yes
configure:17107: checking whether byte ordering is bigendian
configure:17122: /data/data/io.neoterm/files/home/aria2/toolchain/bin/clang -c -g -O2  conftest.c >&5
conftest.c:32:9: error: unknown type name 'not'
               not a universal capable compiler
               ^
conftest.c:32:14: error: expected ';' after top level declarator
               not a universal capable compiler
                    ^
                    ;
2 errors generated.
configure:17122: $? = 1
configure: failed program was:
| /* confdefs.h */
| #define PACKAGE_NAME "wslay"
| #define PACKAGE_TARNAME "wslay"
| #define PACKAGE_VERSION "1.0.1-DEV"
| #define PACKAGE_STRING "wslay 1.0.1-DEV"
| #define PACKAGE_BUGREPORT "t-tujikawa@users.sourceforge.net"
| #define PACKAGE_URL ""
| #define STDC_HEADERS 1
| #define HAVE_SYS_TYPES_H 1
| #define HAVE_SYS_STAT_H 1
| #define HAVE_STDLIB_H 1
| #define HAVE_STRING_H 1
| #define HAVE_MEMORY_H 1
| #define HAVE_STRINGS_H 1
| #define HAVE_INTTYPES_H 1
| #define HAVE_STDINT_H 1
| #define HAVE_UNISTD_H 1
| #define HAVE_DLFCN_H 1
| #define LT_OBJDIR ".libs/"
| #define PACKAGE "wslay"
| #define VERSION "1.0.1-DEV"
| #define HAVE_ARPA_INET_H 1
| #define HAVE_NETINET_IN_H 1
| #define HAVE_STDDEF_H 1
| #define HAVE_STDINT_H 1
| #define HAVE_STDLIB_H 1
| #define HAVE_STRING_H 1
| #define HAVE_UNISTD_H 1
| #define HAVE_PTRDIFF_T 1
| /* end confdefs.h.  */
| #ifndef __APPLE_CC__
| 	       not a universal capable compiler
| 	     #endif
| 	     typedef int dummy;
| 
configure:17167: /data/data/io.neoterm/files/home/aria2/toolchain/bin/clang -c -g -O2  conftest.c >&5
conftest.c:38:8: error: use of undeclared identifier 'bogus'
              bogus endian macros
              ^
1 error generated.
configure:17167: $? = 1
configure: failed program was:
| /* confdefs.h */
| #define PACKAGE_NAME "wslay"
| #define PACKAGE_TARNAME "wslay"
| #define PACKAGE_VERSION "1.0.1-DEV"
| #define PACKAGE_STRING "wslay 1.0.1-DEV"
| #define PACKAGE_BUGREPORT "t-tujikawa@users.sourceforge.net"
| #define PACKAGE_URL ""
| #define STDC_HEADERS 1
| #define HAVE_SYS_TYPES_H 1
| #define HAVE_SYS_STAT_H 1
| #define HAVE_STDLIB_H 1
| #define HAVE_STRING_H 1
| #define HAVE_MEMORY_H 1
| #define HAVE_STRINGS_H 1
| #define HAVE_INTTYPES_H 1
| #define HAVE_STDINT_H 1
| #define HAVE_UNISTD_H 1
| #define HAVE_DLFCN_H 1
| #define LT_OBJDIR ".libs/"
| #define PACKAGE "wslay"
| #define VERSION "1.0.1-DEV"
| #define HAVE_ARPA_INET_H 1
| #define HAVE_NETINET_IN_H 1
| #define HAVE_STDDEF_H 1
| #define HAVE_STDINT_H 1
| #define HAVE_STDLIB_H 1
| #define HAVE_STRING_H 1
| #define HAVE_UNISTD_H 1
| #define HAVE_PTRDIFF_T 1
| /* end confdefs.h.  */
| #include <sys/types.h>
| 	     #include <sys/param.h>
| 
| int
| main ()
| {
| #if ! (defined BYTE_ORDER && defined BIG_ENDIAN 		     && defined LITTLE_ENDIAN && BYTE_ORDER && BIG_ENDIAN 		     && LITTLE_ENDIAN)
| 	      bogus endian macros
| 	     #endif
| 
|   ;
|   return 0;
| }
configure:17211: /data/data/io.neoterm/files/home/aria2/toolchain/bin/clang -c -g -O2  conftest.c >&5
conftest.c:37:8: error: use of undeclared identifier 'bogus'
              bogus endian macros
              ^
1 error generated.
configure:17211: $? = 1
configure: failed program was:
| /* confdefs.h */
| #define PACKAGE_NAME "wslay"
| #define PACKAGE_TARNAME "wslay"
| #define PACKAGE_VERSION "1.0.1-DEV"
| #define PACKAGE_STRING "wslay 1.0.1-DEV"
| #define PACKAGE_BUGREPORT "t-tujikawa@users.sourceforge.net"
| #define PACKAGE_URL ""
| #define STDC_HEADERS 1
| #define HAVE_SYS_TYPES_H 1
| #define HAVE_SYS_STAT_H 1
| #define HAVE_STDLIB_H 1
| #define HAVE_STRING_H 1
| #define HAVE_MEMORY_H 1
| #define HAVE_STRINGS_H 1
| #define HAVE_INTTYPES_H 1
| #define HAVE_STDINT_H 1
| #define HAVE_UNISTD_H 1
| #define HAVE_DLFCN_H 1
| #define LT_OBJDIR ".libs/"
| #define PACKAGE "wslay"
| #define VERSION "1.0.1-DEV"
| #define HAVE_ARPA_INET_H 1
| #define HAVE_NETINET_IN_H 1
| #define HAVE_STDDEF_H 1
| #define HAVE_STDINT_H 1
| #define HAVE_STDLIB_H 1
| #define HAVE_STRING_H 1
| #define HAVE_UNISTD_H 1
| #define HAVE_PTRDIFF_T 1
| /* end confdefs.h.  */
| #include <limits.h>
| 
| int
| main ()
| {
| #if ! (defined _LITTLE_ENDIAN || defined _BIG_ENDIAN)
| 	      bogus endian macros
| 	     #endif
| 
|   ;
|   return 0;
| }
configure:17302: /data/data/io.neoterm/files/home/aria2/toolchain/bin/clang -o conftest -g -O2  -L/data/data/io.neoterm/files/home/aria2/usr/local/lib conftest.c  >&5
configure:17302: $? = 0
configure:17302: ./conftest
configure:17302: $? = 0
configure:17313: result: no
configure:17342: checking for memmove
configure:17342: /data/data/io.neoterm/files/home/aria2/toolchain/bin/clang -o conftest -g -O2  -L/data/data/io.neoterm/files/home/aria2/usr/local/lib conftest.c  >&5
conftest.c:54:6: warning: incompatible redeclaration of library function 'memmove' [-Wincompatible-library-redeclaration]
char memmove ();
     ^
conftest.c:54:6: note: 'memmove' is a builtin with type 'void *(void *, const void *, unsigned long)'
1 warning generated.
configure:17342: $? = 0
configure:17342: result: yes
configure:17342: checking for memset
configure:17342: /data/data/io.neoterm/files/home/aria2/toolchain/bin/clang -o conftest -g -O2  -L/data/data/io.neoterm/files/home/aria2/usr/local/lib conftest.c  >&5
conftest.c:55:6: warning: incompatible redeclaration of library function 'memset' [-Wincompatible-library-redeclaration]
char memset ();
     ^
conftest.c:55:6: note: 'memset' is a builtin with type 'void *(void *, int, unsigned long)'
1 warning generated.
configure:17342: $? = 0
configure:17342: result: yes
configure:17342: checking for ntohl
configure:17342: /data/data/io.neoterm/files/home/aria2/toolchain/bin/clang -o conftest -g -O2  -L/data/data/io.neoterm/files/home/aria2/usr/local/lib conftest.c  >&5
configure:17342: $? = 0
configure:17342: result: yes
configure:17342: checking for ntohs
configure:17342: /data/data/io.neoterm/files/home/aria2/toolchain/bin/clang -o conftest -g -O2  -L/data/data/io.neoterm/files/home/aria2/usr/local/lib conftest.c  >&5
configure:17342: $? = 0
configure:17342: result: yes
configure:17342: checking for htons
configure:17342: /data/data/io.neoterm/files/home/aria2/toolchain/bin/clang -o conftest -g -O2  -L/data/data/io.neoterm/files/home/aria2/usr/local/lib conftest.c  >&5
configure:17342: $? = 0
configure:17342: result: yes
configure:17481: checking that generated files are newer than configure
configure:17487: result: done
configure:17527: creating ./config.status

## ---------------------- ##
## Running config.status. ##
## ---------------------- ##

This file was extended by wslay config.status 1.0.1-DEV, which was
generated by GNU Autoconf 2.69.  Invocation command line was

  CONFIG_FILES    = 
  CONFIG_HEADERS  = 
  CONFIG_LINKS    = 
  CONFIG_COMMANDS = 
  $ ./config.status 

on localhost

config.status:1184: creating Makefile
config.status:1184: creating lib/Makefile
config.status:1184: creating lib/libwslay.pc
config.status:1184: creating lib/includes/Makefile
config.status:1184: creating lib/includes/wslay/wslayver.h
config.status:1184: creating tests/Makefile
config.status:1184: creating config.h
config.status:1365: config.h is unchanged
config.status:1413: executing libtool commands
config.status:1413: executing depfiles commands
config.status:2199: cd lib       && sed -e '/# am--include-marker/d' Makefile         | make -f - am--depfiles
make: Nothing to be done for 'am--depfiles'.
config.status:2204: $? = 0
config.status:2199: cd tests       && sed -e '/# am--include-marker/d' Makefile         | make -f - am--depfiles
make: Nothing to be done for 'am--depfiles'.
config.status:2204: $? = 0
configure:19952: summary of build options:

    version:        1.0.1-DEV shared 0:1:0
    Host type:      aarch64-unknown-linux-android
    Install prefix: /data/data/io.neoterm/files/home/aria2/usr/local
    C compiler:     /data/data/io.neoterm/files/home/aria2/toolchain/bin/clang
    CFlags:         -g -O2
    Library types:  Shared=yes, Static=yes
    CUnit:          no
    Nettle:         no
    Build examples: no


## ---------------- ##
## Cache variables. ##
## ---------------- ##

ac_cv_build=aarch64-unknown-linux-gnu
ac_cv_c_bigendian=no
ac_cv_c_compiler_gnu=yes
ac_cv_c_uint16_t=yes
ac_cv_c_uint32_t=yes
ac_cv_c_uint64_t=yes
ac_cv_c_uint8_t=yes
ac_cv_cxx_compiler_gnu=yes
ac_cv_env_CCC_set=
ac_cv_env_CCC_value=
ac_cv_env_CC_set=set
ac_cv_env_CC_value=/data/data/io.neoterm/files/home/aria2/toolchain/bin/clang
ac_cv_env_CFLAGS_set=
ac_cv_env_CFLAGS_value=
ac_cv_env_CPPFLAGS_set=
ac_cv_env_CPPFLAGS_value=
ac_cv_env_CPP_set=
ac_cv_env_CPP_value=
ac_cv_env_CXXCPP_set=
ac_cv_env_CXXCPP_value=
ac_cv_env_CXXFLAGS_set=
ac_cv_env_CXXFLAGS_value=
ac_cv_env_CXX_set=set
ac_cv_env_CXX_value=/data/data/io.neoterm/files/home/aria2/toolchain/bin/clang++
ac_cv_env_LDFLAGS_set=set
ac_cv_env_LDFLAGS_value=-L/data/data/io.neoterm/files/home/aria2/usr/local/lib
ac_cv_env_LIBS_set=
ac_cv_env_LIBS_value=
ac_cv_env_LT_SYS_LIBRARY_PATH_set=
ac_cv_env_LT_SYS_LIBRARY_PATH_value=
ac_cv_env_NETTLE_CFLAGS_set=
ac_cv_env_NETTLE_CFLAGS_value=
ac_cv_env_NETTLE_LIBS_set=
ac_cv_env_NETTLE_LIBS_value=
ac_cv_env_PKG_CONFIG_LIBDIR_set=
ac_cv_env_PKG_CONFIG_LIBDIR_value=
ac_cv_env_PKG_CONFIG_PATH_set=set
ac_cv_env_PKG_CONFIG_PATH_value=/data/data/io.neoterm/files/home/aria2/usr/local/lib/pkgconfig
ac_cv_env_PKG_CONFIG_set=
ac_cv_env_PKG_CONFIG_value=
ac_cv_env_build_alias_set=
ac_cv_env_build_alias_value=
ac_cv_env_host_alias_set=set
ac_cv_env_host_alias_value=aarch64-linux-android
ac_cv_env_target_alias_set=
ac_cv_env_target_alias_value=
ac_cv_func_htons=yes
ac_cv_func_memmove=yes
ac_cv_func_memset=yes
ac_cv_func_ntohl=yes
ac_cv_func_ntohs=yes
ac_cv_header_arpa_inet_h=yes
ac_cv_header_dlfcn_h=yes
ac_cv_header_inttypes_h=yes
ac_cv_header_memory_h=yes
ac_cv_header_netinet_in_h=yes
ac_cv_header_stdc=yes
ac_cv_header_stddef_h=yes
ac_cv_header_stdint_h=yes
ac_cv_header_stdlib_h=yes
ac_cv_header_string_h=yes
ac_cv_header_strings_h=yes
ac_cv_header_sys_stat_h=yes
ac_cv_header_sys_types_h=yes
ac_cv_header_unistd_h=yes
ac_cv_host=aarch64-unknown-linux-android
ac_cv_lib_cunit_CU_initialize_registry=no
ac_cv_objext=o
ac_cv_path_EGREP='/data/data/io.neoterm/files/usr/bin/applets/grep -E'
ac_cv_path_FGREP='/data/data/io.neoterm/files/usr/bin/applets/grep -F'
ac_cv_path_GREP=/data/data/io.neoterm/files/usr/bin/applets/grep
ac_cv_path_SED=/data/data/io.neoterm/files/usr/bin/applets/sed
ac_cv_path_ac_pt_PKG_CONFIG=/data/data/io.neoterm/files/usr/bin/pkg-config
ac_cv_path_install='/data/data/io.neoterm/files/usr/bin/applets/install -c'
ac_cv_path_lt_DD=/data/data/io.neoterm/files/usr/bin/applets/dd
ac_cv_prog_AR=aarch64-linux-android-ar
ac_cv_prog_AWK=awk
ac_cv_prog_CC=/data/data/io.neoterm/files/home/aria2/toolchain/bin/clang
ac_cv_prog_CPP='/data/data/io.neoterm/files/home/aria2/toolchain/bin/clang -E'
ac_cv_prog_CXXCPP='/data/data/io.neoterm/files/home/aria2/toolchain/bin/clang++ -E'
ac_cv_prog_OBJDUMP=aarch64-linux-android-objdump
ac_cv_prog_RANLIB=aarch64-linux-android-ranlib
ac_cv_prog_STRIP=aarch64-linux-android-strip
ac_cv_prog_cc_c89=
ac_cv_prog_cc_g=yes
ac_cv_prog_cxx_g=yes
ac_cv_prog_make_make_set=yes
ac_cv_target=aarch64-unknown-linux-android
ac_cv_type_ptrdiff_t=yes
ac_cv_type_size_t=yes
ac_cv_type_ssize_t=yes
am_cv_CC_dependencies_compiler_type=gcc3
am_cv_CXX_dependencies_compiler_type=gcc3
am_cv_make_support_nested_variables=yes
am_cv_prog_cc_c_o=yes
lt_cv_ar_at_file=@
lt_cv_archive_cmds_need_lc=no
lt_cv_deplibs_check_method=pass_all
lt_cv_file_magic_cmd='$MAGIC_CMD'
lt_cv_file_magic_test_file=
lt_cv_ld_reload_flag=-r
lt_cv_nm_interface='BSD nm'
lt_cv_objdir=.libs
lt_cv_path_LD=/data/data/io.neoterm/files/home/aria2/toolchain/bin/ld
lt_cv_path_LDCXX=/data/data/io.neoterm/files/home/aria2/toolchain/bin/ld
lt_cv_path_NM='/data/data/io.neoterm/files/usr/bin/aarch64-linux-android-nm -B'
lt_cv_path_mainfest_tool=no
lt_cv_prog_compiler_c_o=yes
lt_cv_prog_compiler_c_o_CXX=yes
lt_cv_prog_compiler_pic='-fPIC -DPIC'
lt_cv_prog_compiler_pic_CXX='-fPIC -DPIC'
lt_cv_prog_compiler_pic_works=yes
lt_cv_prog_compiler_pic_works_CXX=yes
lt_cv_prog_compiler_rtti_exceptions=yes
lt_cv_prog_compiler_static_works=yes
lt_cv_prog_compiler_static_works_CXX=yes
lt_cv_prog_gnu_ld=yes
lt_cv_prog_gnu_ldcxx=yes
lt_cv_sharedlib_from_linklib_cmd='printf %s\n'
lt_cv_sys_global_symbol_pipe='sed -n -e '\''s/^.*[	 ]\([ABCDGIRSTW][ABCDGIRSTW]*\)[	 ][	 ]*\([_A-Za-z][_A-Za-z0-9]*\)$/\1 \2 \2/p'\'' | sed '\''/ __gnu_lto/d'\'''
lt_cv_sys_global_symbol_to_c_name_address='sed -n -e '\''s/^: \(.*\) .*$/  {"\1", (void *) 0},/p'\'' -e '\''s/^[ABCDGIRSTW][ABCDGIRSTW]* .* \(.*\)$/  {"\1", (void *) \&\1},/p'\'''
lt_cv_sys_global_symbol_to_c_name_address_lib_prefix='sed -n -e '\''s/^: \(.*\) .*$/  {"\1", (void *) 0},/p'\'' -e '\''s/^[ABCDGIRSTW][ABCDGIRSTW]* .* \(lib.*\)$/  {"\1", (void *) \&\1},/p'\'' -e '\''s/^[ABCDGIRSTW][ABCDGIRSTW]* .* \(.*\)$/  {"lib\1", (void *) \&\1},/p'\'''
lt_cv_sys_global_symbol_to_cdecl='sed -n -e '\''s/^T .* \(.*\)$/extern int \1();/p'\'' -e '\''s/^[ABCDGIRSTW][ABCDGIRSTW]* .* \(.*\)$/extern char \1;/p'\'''
lt_cv_sys_global_symbol_to_import=
lt_cv_sys_max_cmd_len=32768
lt_cv_to_host_file_cmd=func_convert_file_noop
lt_cv_to_tool_file_cmd=func_convert_file_noop
lt_cv_truncate_bin='/data/data/io.neoterm/files/usr/bin/applets/dd bs=4096 count=1'

## ----------------- ##
## Output variables. ##
## ----------------- ##

ACLOCAL='${SHELL} /data/data/io.neoterm/files/home/aria2-1.35.0/deps/wslay/missing aclocal-1.16'
AMDEPBACKSLASH='\'
AMDEP_FALSE='#'
AMDEP_TRUE=''
AMTAR='$${TAR-tar}'
AM_BACKSLASH='\'
AM_DEFAULT_V='$(AM_DEFAULT_VERBOSITY)'
AM_DEFAULT_VERBOSITY='1'
AM_V='$(V)'
AR='aarch64-linux-android-ar'
AUTOCONF='${SHELL} /data/data/io.neoterm/files/home/aria2-1.35.0/deps/wslay/missing autoconf'
AUTOHEADER='${SHELL} /data/data/io.neoterm/files/home/aria2-1.35.0/deps/wslay/missing autoheader'
AUTOMAKE='${SHELL} /data/data/io.neoterm/files/home/aria2-1.35.0/deps/wslay/missing automake-1.16'
AWK='awk'
CC='/data/data/io.neoterm/files/home/aria2/toolchain/bin/clang'
CCDEPMODE='depmode=gcc3'
CFLAGS='-g -O2'
CPP='/data/data/io.neoterm/files/home/aria2/toolchain/bin/clang -E'
CPPFLAGS=''
CXX='/data/data/io.neoterm/files/home/aria2/toolchain/bin/clang++'
CXXCPP='/data/data/io.neoterm/files/home/aria2/toolchain/bin/clang++ -E'
CXXDEPMODE='depmode=gcc3'
CXXFLAGS='-g -O2'
CYGPATH_W='echo'
DEFS='-DHAVE_CONFIG_H'
DEPDIR='.deps'
DLLTOOL='false'
DSYMUTIL=''
DUMPBIN=''
ECHO_C=''
ECHO_N='-n'
ECHO_T=''
EGREP='/data/data/io.neoterm/files/usr/bin/applets/grep -E'
ENABLE_EXAMPLES_FALSE=''
ENABLE_EXAMPLES_TRUE='#'
EXEEXT=''
FGREP='/data/data/io.neoterm/files/usr/bin/applets/grep -F'
GREP='/data/data/io.neoterm/files/usr/bin/applets/grep'
HAVE_CUNIT_FALSE=''
HAVE_CUNIT_TRUE='#'
HAVE_SPHINX_BUILD_FALSE=''
HAVE_SPHINX_BUILD_TRUE='#'
INSTALL_DATA='${INSTALL} -m 644'
INSTALL_PROGRAM='${INSTALL}'
INSTALL_SCRIPT='${INSTALL}'
INSTALL_STRIP_PROGRAM='$(install_sh) -c -s'
LD='/data/data/io.neoterm/files/home/aria2/toolchain/bin/ld'
LDFLAGS='-L/data/data/io.neoterm/files/home/aria2/usr/local/lib'
LIBOBJS=''
LIBS=''
LIBTOOL='$(SHELL) $(top_builddir)/libtool'
LIPO=''
LN_S='ln -s'
LTLIBOBJS=''
LT_AGE='0'
LT_CURRENT='0'
LT_REVISION='1'
LT_SYS_LIBRARY_PATH=''
MAKEINFO='${SHELL} /data/data/io.neoterm/files/home/aria2-1.35.0/deps/wslay/missing makeinfo'
MANIFEST_TOOL=':'
MKDIR_P='./install-sh -c -d'
NETTLE_CFLAGS=''
NETTLE_LIBS=''
NM='/data/data/io.neoterm/files/usr/bin/aarch64-linux-android-nm -B'
NMEDIT=''
OBJDUMP='aarch64-linux-android-objdump'
OBJEXT='o'
OTOOL64=''
OTOOL=''
PACKAGE='wslay'
PACKAGE_BUGREPORT='t-tujikawa@users.sourceforge.net'
PACKAGE_NAME='wslay'
PACKAGE_STRING='wslay 1.0.1-DEV'
PACKAGE_TARNAME='wslay'
PACKAGE_URL=''
PACKAGE_VERSION='1.0.1-DEV'
PATH_SEPARATOR=':'
PKG_CONFIG='/data/data/io.neoterm/files/usr/bin/pkg-config'
PKG_CONFIG_LIBDIR=''
PKG_CONFIG_PATH='/data/data/io.neoterm/files/home/aria2/usr/local/lib/pkgconfig'
RANLIB='aarch64-linux-android-ranlib'
SED='/data/data/io.neoterm/files/usr/bin/applets/sed'
SET_MAKE=''
SHELL='/bin/sh'
SPHINX_BUILD=''
STRIP='aarch64-linux-android-strip'
VERSION='1.0.1-DEV'
ac_ct_AR=''
ac_ct_CC=''
ac_ct_CXX=''
ac_ct_DUMPBIN=''
am__EXEEXT_FALSE=''
am__EXEEXT_TRUE='#'
am__fastdepCC_FALSE='#'
am__fastdepCC_TRUE=''
am__fastdepCXX_FALSE='#'
am__fastdepCXX_TRUE=''
am__include='include'
am__isrc=''
am__leading_dot='.'
am__nodep='_no'
am__quote=''
am__tar='$${TAR-tar} chof - "$$tardir"'
am__untar='$${TAR-tar} xf -'
bindir='${exec_prefix}/bin'
build='aarch64-unknown-linux-gnu'
build_alias=''
build_cpu='aarch64'
build_os='linux-gnu'
build_vendor='unknown'
datadir='${datarootdir}'
datarootdir='${prefix}/share'
docdir='${datarootdir}/doc/${PACKAGE_TARNAME}'
dvidir='${docdir}'
exec_prefix='${prefix}'
host='aarch64-unknown-linux-android'
host_alias='aarch64-linux-android'
host_cpu='aarch64'
host_os='linux-android'
host_vendor='unknown'
htmldir='${docdir}'
includedir='${prefix}/include'
infodir='${datarootdir}/info'
install_sh='${SHELL} /data/data/io.neoterm/files/home/aria2-1.35.0/deps/wslay/install-sh'
libdir='${exec_prefix}/lib'
libexecdir='${exec_prefix}/libexec'
localedir='${datarootdir}/locale'
localstatedir='${prefix}/var'
mandir='${datarootdir}/man'
mkdir_p='$(MKDIR_P)'
oldincludedir='/usr/include'
pdfdir='${docdir}'
prefix='/data/data/io.neoterm/files/home/aria2/usr/local'
program_transform_name='s,x,x,'
psdir='${docdir}'
runstatedir='${localstatedir}/run'
sbindir='${exec_prefix}/sbin'
sharedstatedir='${prefix}/com'
sysconfdir='${prefix}/etc'
target='aarch64-unknown-linux-android'
target_alias=''
target_cpu='aarch64'
target_os='linux-android'
target_vendor='unknown'

## ----------- ##
## confdefs.h. ##
## ----------- ##

/* confdefs.h */
#define PACKAGE_NAME "wslay"
#define PACKAGE_TARNAME "wslay"
#define PACKAGE_VERSION "1.0.1-DEV"
#define PACKAGE_STRING "wslay 1.0.1-DEV"
#define PACKAGE_BUGREPORT "t-tujikawa@users.sourceforge.net"
#define PACKAGE_URL ""
#define STDC_HEADERS 1
#define HAVE_SYS_TYPES_H 1
#define HAVE_SYS_STAT_H 1
#define HAVE_STDLIB_H 1
#define HAVE_STRING_H 1
#define HAVE_MEMORY_H 1
#define HAVE_STRINGS_H 1
#define HAVE_INTTYPES_H 1
#define HAVE_STDINT_H 1
#define HAVE_UNISTD_H 1
#define HAVE_DLFCN_H 1
#define LT_OBJDIR ".libs/"
#define PACKAGE "wslay"
#define VERSION "1.0.1-DEV"
#define HAVE_ARPA_INET_H 1
#define HAVE_NETINET_IN_H 1
#define HAVE_STDDEF_H 1
#define HAVE_STDINT_H 1
#define HAVE_STDLIB_H 1
#define HAVE_STRING_H 1
#define HAVE_UNISTD_H 1
#define HAVE_PTRDIFF_T 1
#define HAVE_MEMMOVE 1
#define HAVE_MEMSET 1
#define HAVE_NTOHL 1
#define HAVE_NTOHS 1
#define HAVE_HTONS 1

configure: exit 0
